#
# There is insufficient memory for the Java Runtime Environment to continue.
# Native memory allocation (mmap) failed to map 264241152 bytes for G1 virtual space
# Possible reasons:
#   The system is out of physical RAM or swap space
#   The process is running with CompressedOops enabled, and the Java Heap may be blocking the growth of the native heap
# Possible solutions:
#   Reduce memory load on the system
#   Increase physical memory or swap space
#   Check if swap backing store is full
#   Decrease Java heap size (-Xmx/-Xms)
#   Decrease number of Java threads
#   Decrease Java thread stack sizes (-Xss)
#   Set larger code cache with -XX:ReservedCodeCacheSize=
#   JVM is running with Zero Based Compressed Oops mode in which the Java heap is
#     placed in the first 32GB address space. The Java Heap base address is the
#     maximum limit for the native heap growth. Please use -XX:HeapBaseMinAddress
#     to set the Java Heap base and to place the Java Heap above 32GB virtual address.
# This output file may be truncated or incomplete.
#
#  Out of Memory Error (./open/src/hotspot/os/windows/os_windows.cpp:3472), pid=42256, tid=11124
#
# JRE version:  (15.0+36) (build )
# Java VM: OpenJDK 64-Bit Server VM (15+36-1562, mixed mode, sharing, tiered, compressed oops, g1 gc, windows-amd64)
# No core dump will be written. Minidumps are not enabled by default on client versions of Windows
#

---------------  S U M M A R Y ------------

Command Line: d:\User\bmittal\.vscode\extensions\salesforce.salesforce-vscode-slds-1.4.8\lsp-0.0.13-executable.jar --PORT=59166

Host: 11th Gen Intel(R) Core(TM) i5-1135G7 @ 2.40GHz, 8 cores, 15G,  Windows 10 , 64 bit Build 19041 (10.0.19041.3031)
Time: Thu Jun 29 21:28:29 2023 India Standard Time elapsed time: 0.097576 seconds (0d 0h 0m 0s)

---------------  T H R E A D  ---------------

Current thread (0x0000026fa810a3d0):  JavaThread "Unknown thread" [_thread_in_vm, id=11124, stack(0x000000c0f3b00000,0x000000c0f3c00000)]

Stack: [0x000000c0f3b00000,0x000000c0f3c00000]
Native frames: (J=compiled Java code, j=interpreted, Vv=VM code, C=native code)
V  [jvm.dll+0x629eaa]
V  [jvm.dll+0x780379]
V  [jvm.dll+0x781ad3]
V  [jvm.dll+0x782133]
V  [jvm.dll+0x2159d5]
V  [jvm.dll+0x627299]
V  [jvm.dll+0x61bdd5]
V  [jvm.dll+0x2cf96d]
V  [jvm.dll+0x2cf7d2]
V  [jvm.dll+0x2d57ac]
V  [jvm.dll+0x32523a]
V  [jvm.dll+0x324904]
V  [jvm.dll+0x2a68ea]
V  [jvm.dll+0x2a7a88]
V  [jvm.dll+0x75d0f1]
V  [jvm.dll+0x333af4]
V  [jvm.dll+0x73d816]
V  [jvm.dll+0x3b68e7]
V  [jvm.dll+0x3b8371]
C  [jli.dll+0x52fb]
C  [ucrtbase.dll+0x21bb2]
C  [KERNEL32.DLL+0x17614]
C  [ntdll.dll+0x526f1]


---------------  P R O C E S S  ---------------

Threads class SMR info:
_java_thread_list=0x00007ffc92612fa0, length=0, elements={
}

Java Threads: ( => current thread )

Other Threads:
  0x0000026fa8159ac0 GCTaskThread "GC Thread#0" [stack: 0x000000c0f3c00000,0x000000c0f3d00000] [id=61620]
  0x0000026fa816c820 ConcurrentGCThread "G1 Main Marker" [stack: 0x000000c0f3d00000,0x000000c0f3e00000] [id=65936]
  0x0000026fa816d410 ConcurrentGCThread "G1 Conc#0" [stack: 0x000000c0f3e00000,0x000000c0f3f00000] [id=63872]

[error occurred during error reporting (printing all threads), id 0xc0000005, EXCEPTION_ACCESS_VIOLATION (0xc0000005) at pc=0x00007ffc91e077b7]

VM state: not at safepoint (not fully initialized)

VM Mutex/Monitor currently owned by a thread:  ([mutex/lock_event])
[0x0000026fa80fb850] Heap_lock - owner thread: 0x0000026fa810a3d0

Heap address: 0x0000000704000000, size: 4032 MB, Compressed Oops mode: Zero based, Oop shift amount: 3
CDS archive(s) mapped at: [0x0000000000000000-0x0000000000000000-0x0000000000000000), size 0, SharedBaseAddress: 0x0000000800000000, ArchiveRelocationMode: 0.
Narrow klass base: 0x0000000000000000, Narrow klass shift: 0, Narrow klass range: 0x0

Heap:
 garbage-first heap   total 258048K, used 0K [0x0000000704000000, 0x0000000800000000)
  region size 2048K, 0 young (0K), 0 survivors (0K)
 Metaspace       used 0K, capacity 0K, committed 0K, reserved 0K
  class space    used 0K, capacity 0K, committed 0K, reserved 0K

Heap Regions: E=young(eden), S=young(survivor), O=old, HS=humongous(starts), HC=humongous(continues), CS=collection set, F=free, OA=open archive, CA=closed archive, TAMS=top-at-mark-start (previous, next)

Card table byte_map: [0x0000026fc06d0000,0x0000026fc0eb0000] _byte_map_base: 0x0000026fbceb0000

Marking Bits (Prev, Next): (CMBitMap*) 0x0000026fa815a2b0, (CMBitMap*) 0x0000026fa815a2f0
 Prev Bits: [0x0000026fc1690000, 0x0000026fc5590000)
 Next Bits: [0x0000026fc5590000, 0x0000026fc9490000)

GC Heap History (0 events):
No events

Deoptimization events (0 events):
No events

Classes unloaded (0 events):
No events

Classes redefined (0 events):
No events

Internal exceptions (0 events):
No events

Events (1 events):
Event: 0.065 Loaded shared library C:\Program Files\jdk-15\bin\java.dll


Dynamic libraries:
0x00007ff73ca70000 - 0x00007ff73ca7d000 	C:\Program Files\jdk-15\bin\java.exe
0x00007ffd1d4f0000 - 0x00007ffd1d6e8000 	C:\Windows\SYSTEM32\ntdll.dll
0x00007ffd1bf50000 - 0x00007ffd1c00f000 	C:\Windows\System32\KERNEL32.DLL
0x00007ffd1acd0000 - 0x00007ffd1afc6000 	C:\Windows\System32\KERNELBASE.dll
0x00007ffd1b080000 - 0x00007ffd1b180000 	C:\Windows\System32\ucrtbase.dll
0x00007ffcfe610000 - 0x00007ffcfe628000 	C:\Program Files\jdk-15\bin\jli.dll
0x00007ffd1cab0000 - 0x00007ffd1cc4d000 	C:\Windows\System32\USER32.dll
0x00007ffd1aca0000 - 0x00007ffd1acc2000 	C:\Windows\System32\win32u.dll
0x00007ffd1bae0000 - 0x00007ffd1bb0c000 	C:\Windows\System32\GDI32.dll
0x00007ffd1b2d0000 - 0x00007ffd1b3e5000 	C:\Windows\System32\gdi32full.dll
0x00007ffd1ac00000 - 0x00007ffd1ac9d000 	C:\Windows\System32\msvcp_win.dll
0x00007ffcfdd60000 - 0x00007ffcfdd79000 	C:\Program Files\jdk-15\bin\VCRUNTIME140.dll
0x00007ffd18fa0000 - 0x00007ffd1923a000 	C:\Windows\WinSxS\amd64_microsoft.windows.common-controls_6595b64144ccf1df_6.0.19041.1110_none_60b5254171f9507e\COMCTL32.dll
0x00007ffd1cc50000 - 0x00007ffd1ccee000 	C:\Windows\System32\msvcrt.dll
0x00007ffd1ce80000 - 0x00007ffd1ceb0000 	C:\Windows\System32\IMM32.DLL
0x00007ffcd6a90000 - 0x00007ffcd70b4000 	C:\Program Files\McAfee\DLP\Agent\fcagpph64.dll
0x00007ffd1bb10000 - 0x00007ffd1bbbf000 	C:\Windows\System32\ADVAPI32.dll
0x00007ffd1ba40000 - 0x00007ffd1badc000 	C:\Windows\System32\sechost.dll
0x00007ffd1bbc0000 - 0x00007ffd1bce6000 	C:\Windows\System32\RPCRT4.dll
0x00007ffd1c350000 - 0x00007ffd1ca94000 	C:\Windows\System32\SHELL32.dll
0x00007ffd1d380000 - 0x00007ffd1d4aa000 	C:\Windows\System32\ole32.dll
0x00007ffd1b5e0000 - 0x00007ffd1b934000 	C:\Windows\System32\combase.dll
0x00007ffd1c160000 - 0x00007ffd1c1b5000 	C:\Windows\System32\SHLWAPI.dll
0x00007ffd1b950000 - 0x00007ffd1b9bb000 	C:\Windows\System32\WS2_32.dll
0x00007ffd1c090000 - 0x00007ffd1c15d000 	C:\Windows\System32\OLEAUT32.dll
0x00007ffd03fd0000 - 0x00007ffd0406d000 	C:\Windows\SYSTEM32\WINSPOOL.DRV
0x00007ffd1cdd0000 - 0x00007ffd1ce7d000 	C:\Windows\System32\shcore.dll
0x00007ffd198b0000 - 0x00007ffd198ba000 	C:\Windows\SYSTEM32\VERSION.dll
0x00007ffd1aac0000 - 0x00007ffd1aaf2000 	C:\Windows\SYSTEM32\SspiCli.dll
0x00007ffd19d70000 - 0x00007ffd19da3000 	C:\Windows\SYSTEM32\ntmarta.dll
0x00007ffd0e210000 - 0x00007ffd0e37b000 	C:\Windows\system32\tmumh\20019\AddOn\8.55.0.1129\TmUmEvt64.dll
0x00007ffd1c1c0000 - 0x00007ffd1c1c8000 	C:\Windows\System32\PSAPI.DLL
0x000000006b130000 - 0x000000006b2a3000 	C:\Windows\system32\tmumh\20019\TmMon\2.9.0.1048\tmmon64.dll
0x00007ffcf89f0000 - 0x00007ffcf8d21000 	C:\Windows\System32\TmLWE\TmUmSnsr64\1.0.0.1119\TmUmSnsr64.dll
0x00007ffd19860000 - 0x00007ffd19872000 	C:\Windows\SYSTEM32\kernel.appcore.dll
0x00007ffd0ff90000 - 0x00007ffd0ff9c000 	C:\Program Files\jdk-15\bin\vcruntime140_1.dll
0x00007ffcf0950000 - 0x00007ffcf09e1000 	C:\Program Files\jdk-15\bin\msvcp140.dll
0x00007ffc91b50000 - 0x00007ffc926ac000 	C:\Program Files\jdk-15\bin\server\jvm.dll
0x00007ffcf8fc0000 - 0x00007ffcf8fc9000 	C:\Windows\SYSTEM32\WSOCK32.dll
0x00007ffd03f20000 - 0x00007ffd03f47000 	C:\Windows\SYSTEM32\WINMM.dll
0x00007ffcfe180000 - 0x00007ffcfe18a000 	C:\Program Files\jdk-15\bin\jimage.dll
0x00007ffd18510000 - 0x00007ffd186f4000 	C:\Windows\SYSTEM32\DBGHELP.DLL
0x00007ffd02390000 - 0x00007ffd023c4000 	C:\Windows\SYSTEM32\dbgcore.DLL
0x00007ffd1b1d0000 - 0x00007ffd1b252000 	C:\Windows\System32\bcryptPrimitives.dll
0x00007ffcf6160000 - 0x00007ffcf6185000 	C:\Program Files\jdk-15\bin\java.dll

dbghelp: loaded successfully - version: 4.0.5 - missing functions: none
symbol engine: initialized successfully - sym options: 0x614 - pdb path: .;C:\Program Files\jdk-15\bin;C:\Windows\SYSTEM32;C:\Windows\WinSxS\amd64_microsoft.windows.common-controls_6595b64144ccf1df_6.0.19041.1110_none_60b5254171f9507e;C:\Program Files\McAfee\DLP\Agent;C:\Windows\system32\tmumh\20019\AddOn\8.55.0.1129;C:\Windows\system32\tmumh\20019\TmMon\2.9.0.1048;C:\Windows\System32\TmLWE\TmUmSnsr64\1.0.0.1119;C:\Program Files\jdk-15\bin\server

VM Arguments:
java_command: d:\User\bmittal\.vscode\extensions\salesforce.salesforce-vscode-slds-1.4.8\lsp-0.0.13-executable.jar --PORT=59166
java_class_path (initial): d:\User\bmittal\.vscode\extensions\salesforce.salesforce-vscode-slds-1.4.8\lsp-0.0.13-executable.jar
Launcher Type: SUN_STANDARD

[Global flags]
     intx CICompilerCount                          = 4                                         {product} {ergonomic}
     uint ConcGCThreads                            = 2                                         {product} {ergonomic}
     uint G1ConcRefinementThreads                  = 8                                         {product} {ergonomic}
   size_t G1HeapRegionSize                         = 2097152                                   {product} {ergonomic}
    uintx GCDrainStackTargetSize                   = 64                                        {product} {ergonomic}
   size_t InitialHeapSize                          = 264241152                                 {product} {ergonomic}
   size_t MarkStackSize                            = 4194304                                   {product} {ergonomic}
   size_t MaxHeapSize                              = 4227858432                                {product} {ergonomic}
   size_t MinHeapDeltaBytes                        = 2097152                                   {product} {ergonomic}
   size_t MinHeapSize                              = 8388608                                   {product} {ergonomic}
    uintx NonNMethodCodeHeapSize                   = 5839372                                {pd product} {ergonomic}
    uintx NonProfiledCodeHeapSize                  = 122909434                              {pd product} {ergonomic}
    uintx ProfiledCodeHeapSize                     = 122909434                              {pd product} {ergonomic}
    uintx ReservedCodeCacheSize                    = 251658240                              {pd product} {ergonomic}
     bool SegmentedCodeCache                       = true                                      {product} {ergonomic}
   size_t SoftMaxHeapSize                          = 4227858432                             {manageable} {ergonomic}
     bool UseCompressedClassPointers               = true                                 {lp64_product} {ergonomic}
     bool UseCompressedOops                        = true                                 {lp64_product} {ergonomic}
     bool UseG1GC                                  = true                                      {product} {ergonomic}
     bool UseLargePagesIndividualAllocation        = false                                  {pd product} {ergonomic}

Logging:
Log output configuration:
 #0: stdout all=warning uptime,level,tags
 #1: stderr all=off uptime,level,tags

Environment Variables:
JAVA_HOME=C:\Program Files\jdk-15
PATH=C:\Windows\system32;C:\Windows;C:\Windows\System32\Wbem;C:\Windows\System32\WindowsPowerShell\v1.0\;C:\Windows\System32\OpenSSH\;C:\Program Files\jdk-15\bin;C:\Program Files (x86)\dotnet\;C:\Program Files\PuTTY\;C:\Program Files\nodejs\;C:\Program Files\sfdx\bin;D:\User\bmittal\AppData\Local\Microsoft\WindowsApps;D:\User\bmittal\AppData\Roaming\npm;D:\User\bmittal\AppData\Local\Programs\Microsoft VS Code\bin;D:\User\bmittal\AppData\Local\Programs\Git\cmd
USERNAME=bmittal
OS=Windows_NT
PROCESSOR_IDENTIFIER=Intel64 Family 6 Model 140 Stepping 1, GenuineIntel



---------------  S Y S T E M  ---------------

OS:
 Windows 10 , 64 bit Build 19041 (10.0.19041.3031)
OS uptime: 3 days 9:53 hours

CPU: total 8 (initial active 8) (4 cores per cpu, 2 threads per core) family 6 model 140 stepping 1, cmov, cx8, fxsr, mmx, sse, sse2, sse3, ssse3, sse4.1, sse4.2, popcnt, vzeroupper, avx, avx2, aes, clmul, erms, 3dnowpref, lzcnt, ht, tsc, tscinvbit, bmi1, bmi2, adx, avx512f, avx512dq, avx512cd, avx512bw, avx512vl, avx512_vpopcntdq, avx512_vpclmulqdq, avx512_vbmi, avx512_vbmi2, avx512_vaes, avx512_vnni, sha, fma, clflush, clflushopt, clwb

Memory: 4k page, system-wide physical 16122M (2376M free)
TotalPageFile size 29322M (AvailPageFile size 135M)
current process WorkingSet (physical memory assigned to process): 19M, peak: 19M
current process commit charge ("private bytes"): 69M, peak: 321M

vm_info: OpenJDK 64-Bit Server VM (15+36-1562) for windows-amd64 JRE (15+36-1562), built on Aug 11 2020 22:33:04 by "mach5one" with unknown MS VC++:1925

END.
